Wed Jul 28 00:26:35 EDT 2021
Wed Jul 28 00:26:35 EDT 2021
Wed Jul 28 04:27:47 UTC 2021
Using CPU...
Reading pre-processed data=/data/rec/criteo_artifact///kaggleAdDisplayChallenge_processed.npz
Sparse fea = 26, Dense fea = 13
Length of ids is:  100000
Defined test indices...
Randomized indices across days ...
Handling test data
Split data according to indices...
Created dataset
Launched inference engine 0/0
Launched inference engine 0/1
Launched inference engine 0/2
Launched inference engine 0/3
Launched inference engine 0/4
Launched inference engine 0/5
Launched inference engine 0/6
Launched inference engine 0/7
Launched inference engine 0/8
Launched inference engine 0/9
Launched inference engine 0/10
Launched inference engine 0/11
Launched inference engine 0/12
Launched inference engine 0/13
Launched inference engine 0/14
Launched inference engine 0/15
Launched inference engine 0/16
Launched inference engine 0/17
Launched inference engine 0/18
Launched inference engine 0/19
Launched inference engine 0/20
Launched inference engine 0/21
Launched inference engine 0/22
Launched inference engine 0/23
Launched inference engine 0/24
Launched inference engine 0/25
Launched inference engine 0/26
Launched inference engine 0/27
Launched inference engine 0/28
Launched inference engine 0/29
Launched inference engine 0/30
Launched inference engine 0/31
===================================================
****Epoch  0
Using CPU...
Reading pre-processed data=/data/rec/criteo_artifact///kaggleAdDisplayChallenge_processed.npz
Sparse fea = 26, Dense fea = 13
Length of ids is:  100000
Defined test indices...
Randomized indices across days ...
Handling test data
Split data according to indices...
Created dataset
Loading saved model /data/rec/recpipe_artifact/r2_model_51_32.pth
Using CPU...
Reading pre-processed data=/data/rec/criteo_artifact///kaggleAdDisplayChallenge_processed.npz
Sparse fea = 26, Dense fea = 13
Length of ids is:  100000
Defined test indices...
Randomized indices across days ...
Handling test data
Split data according to indices...
Created dataset
Loading saved model /data/rec/recpipe_artifact/r2_model_51_32.pth
Using CPU...
Reading pre-processed data=/data/rec/criteo_artifact///kaggleAdDisplayChallenge_processed.npz
Sparse fea = 26, Dense fea = 13
Length of ids is:  100000
Defined test indices...
Randomized indices across days ...
Handling test data
Split data according to indices...
Created dataset
Loading saved model /data/rec/recpipe_artifact/r2_model_51_32.pth
Using CPU...
Reading pre-processed data=/data/rec/criteo_artifact///kaggleAdDisplayChallenge_processed.npz
Sparse fea = 26, Dense fea = 13
Length of ids is:  100000
Defined test indices...
Randomized indices across days ...
Handling test data
Split data according to indices...
Created dataset
Loading saved model /data/rec/recpipe_artifact/r2_model_51_32.pth
Using CPU...
Reading pre-processed data=/data/rec/criteo_artifact///kaggleAdDisplayChallenge_processed.npz
Sparse fea = 26, Dense fea = 13
Length of ids is:  100000
Defined test indices...
Randomized indices across days ...
Handling test data
Split data according to indices...
Created dataset
Loading saved model /data/rec/recpipe_artifact/r2_model_51_32.pth
Using CPU...
Reading pre-processed data=/data/rec/criteo_artifact///kaggleAdDisplayChallenge_processed.npz
Sparse fea = 26, Dense fea = 13
Length of ids is:  100000
Defined test indices...
Randomized indices across days ...
Handling test data
Split data according to indices...
Created dataset
Loading saved model /data/rec/recpipe_artifact/r2_model_51_32.pth
Using CPU...
Reading pre-processed data=/data/rec/criteo_artifact///kaggleAdDisplayChallenge_processed.npz
Sparse fea = 26, Dense fea = 13
Length of ids is:  100000
Defined test indices...
Randomized indices across days ...
Handling test data
Split data according to indices...
Created dataset
Loading saved model /data/rec/recpipe_artifact/r2_model_51_32.pth
Using CPU...
Reading pre-processed data=/data/rec/criteo_artifact///kaggleAdDisplayChallenge_processed.npz
Sparse fea = 26, Dense fea = 13
Length of ids is:  100000
Defined test indices...
Randomized indices across days ...
Handling test data
Split data according to indices...
Created dataset
Loading saved model /data/rec/recpipe_artifact/r2_model_51_32.pth
Using CPU...
Reading pre-processed data=/data/rec/criteo_artifact///kaggleAdDisplayChallenge_processed.npz
Sparse fea = 26, Dense fea = 13
Length of ids is:  100000
Defined test indices...
Randomized indices across days ...
Handling test data
Split data according to indices...
Created dataset
Loading saved model /data/rec/recpipe_artifact/r2_model_51_32.pth
Using CPU...
Reading pre-processed data=/data/rec/criteo_artifact///kaggleAdDisplayChallenge_processed.npz
Sparse fea = 26, Dense fea = 13
Length of ids is:  100000
Defined test indices...
Randomized indices across days ...
Handling test data
Split data according to indices...
Created dataset
Loading saved model /data/rec/recpipe_artifact/r2_model_51_32.pth
Using CPU...
Reading pre-processed data=/data/rec/criteo_artifact///kaggleAdDisplayChallenge_processed.npz
Sparse fea = 26, Dense fea = 13
Length of ids is:  100000
Defined test indices...
Randomized indices across days ...
Handling test data
Split data according to indices...
Created dataset
Loading saved model /data/rec/recpipe_artifact/r2_model_51_32.pth
Using CPU...
Reading pre-processed data=/data/rec/criteo_artifact///kaggleAdDisplayChallenge_processed.npz
Sparse fea = 26, Dense fea = 13
Length of ids is:  100000
Defined test indices...
Randomized indices across days ...
Handling test data
Split data according to indices...
Created dataset
Loading saved model /data/rec/recpipe_artifact/r2_model_51_32.pth
Using CPU...
Reading pre-processed data=/data/rec/criteo_artifact///kaggleAdDisplayChallenge_processed.npz
Sparse fea = 26, Dense fea = 13
Length of ids is:  100000
Defined test indices...
Randomized indices across days ...
Handling test data
Split data according to indices...
Created dataset
Loading saved model /data/rec/recpipe_artifact/r2_model_51_32.pth
Using CPU...
Reading pre-processed data=/data/rec/criteo_artifact///kaggleAdDisplayChallenge_processed.npz
Sparse fea = 26, Dense fea = 13
Length of ids is:  100000
Defined test indices...
Randomized indices across days ...
Handling test data
Split data according to indices...
Created dataset
Loading saved model /data/rec/recpipe_artifact/r2_model_51_32.pth
Using CPU...
Reading pre-processed data=/data/rec/criteo_artifact///kaggleAdDisplayChallenge_processed.npz
Sparse fea = 26, Dense fea = 13
Length of ids is:  100000
Defined test indices...
Randomized indices across days ...
Handling test data
Split data according to indices...
Created dataset
Loading saved model /data/rec/recpipe_artifact/r2_model_51_32.pth
Using CPU...
Reading pre-processed data=/data/rec/criteo_artifact///kaggleAdDisplayChallenge_processed.npz
Sparse fea = 26, Dense fea = 13
Length of ids is:  100000
Defined test indices...
Randomized indices across days ...
Handling test data
Split data according to indices...
Created dataset
Loading saved model /data/rec/recpipe_artifact/r2_model_51_32.pth
Using CPU...
Reading pre-processed data=/data/rec/criteo_artifact///kaggleAdDisplayChallenge_processed.npz
Sparse fea = 26, Dense fea = 13
Length of ids is:  100000
Defined test indices...
Randomized indices across days ...
Handling test data
Split data according to indices...
Created dataset
Loading saved model /data/rec/recpipe_artifact/r2_model_51_32.pth
Using CPU...
Reading pre-processed data=/data/rec/criteo_artifact///kaggleAdDisplayChallenge_processed.npz
Sparse fea = 26, Dense fea = 13
Length of ids is:  100000
Defined test indices...
Randomized indices across days ...
Handling test data
Split data according to indices...
Created dataset
Loading saved model /data/rec/recpipe_artifact/r2_model_51_32.pth
Using CPU...
Reading pre-processed data=/data/rec/criteo_artifact///kaggleAdDisplayChallenge_processed.npz
Sparse fea = 26, Dense fea = 13
Length of ids is:  100000
Defined test indices...
Randomized indices across days ...
Handling test data
Split data according to indices...
Created dataset
Loading saved model /data/rec/recpipe_artifact/r2_model_51_32.pth
Using CPU...
Reading pre-processed data=/data/rec/criteo_artifact///kaggleAdDisplayChallenge_processed.npz
Sparse fea = 26, Dense fea = 13
Length of ids is:  100000
Defined test indices...
Randomized indices across days ...
Handling test data
Split data according to indices...
Created dataset
Loading saved model /data/rec/recpipe_artifact/r2_model_51_32.pth
Using CPU...
Reading pre-processed data=/data/rec/criteo_artifact///kaggleAdDisplayChallenge_processed.npz
Sparse fea = 26, Dense fea = 13
Length of ids is:  100000
Defined test indices...
Randomized indices across days ...
Handling test data
Split data according to indices...
Created dataset
Loading saved model /data/rec/recpipe_artifact/r2_model_51_32.pth
Using CPU...
Reading pre-processed data=/data/rec/criteo_artifact///kaggleAdDisplayChallenge_processed.npz
Sparse fea = 26, Dense fea = 13
Length of ids is:  100000
Defined test indices...
Randomized indices across days ...
Handling test data
Split data according to indices...
Created dataset
Loading saved model /data/rec/recpipe_artifact/r2_model_51_32.pth
Using CPU...
Reading pre-processed data=/data/rec/criteo_artifact///kaggleAdDisplayChallenge_processed.npz
Sparse fea = 26, Dense fea = 13
Length of ids is:  100000
Defined test indices...
Randomized indices across days ...
Handling test data
Split data according to indices...
Created dataset
Loading saved model /data/rec/recpipe_artifact/r2_model_51_32.pth
Using CPU...
Reading pre-processed data=/data/rec/criteo_artifact///kaggleAdDisplayChallenge_processed.npz
Sparse fea = 26, Dense fea = 13
Length of ids is:  100000
Defined test indices...
Randomized indices across days ...
Handling test data
Split data according to indices...
Created dataset
Loading saved model /data/rec/recpipe_artifact/r2_model_51_32.pth
Using CPU...
Reading pre-processed data=/data/rec/criteo_artifact///kaggleAdDisplayChallenge_processed.npz
Sparse fea = 26, Dense fea = 13
Length of ids is:  100000
Defined test indices...
Randomized indices across days ...
Handling test data
Split data according to indices...
Created dataset
Loading saved model /data/rec/recpipe_artifact/r2_model_51_32.pth
Using CPU...
Reading pre-processed data=/data/rec/criteo_artifact///kaggleAdDisplayChallenge_processed.npz
Sparse fea = 26, Dense fea = 13
Length of ids is:  100000
Defined test indices...
Randomized indices across days ...
Handling test data
Split data according to indices...
Created dataset
Loading saved model /data/rec/recpipe_artifact/r2_model_51_32.pth
Using CPU...
Reading pre-processed data=/data/rec/criteo_artifact///kaggleAdDisplayChallenge_processed.npz
Sparse fea = 26, Dense fea = 13
Length of ids is:  100000
Defined test indices...
Randomized indices across days ...
Handling test data
Split data according to indices...
Created dataset
Loading saved model /data/rec/recpipe_artifact/r2_model_51_32.pth
Using CPU...
Reading pre-processed data=/data/rec/criteo_artifact///kaggleAdDisplayChallenge_processed.npz
Sparse fea = 26, Dense fea = 13
Length of ids is:  100000
Defined test indices...
Randomized indices across days ...
Handling test data
Split data according to indices...
Created dataset
Loading saved model /data/rec/recpipe_artifact/r2_model_51_32.pth
Using CPU...
Reading pre-processed data=/data/rec/criteo_artifact///kaggleAdDisplayChallenge_processed.npz
Sparse fea = 26, Dense fea = 13
Length of ids is:  100000
Defined test indices...
Randomized indices across days ...
Handling test data
Split data according to indices...
Created dataset
Loading saved model /data/rec/recpipe_artifact/r2_model_51_32.pth
Using CPU...
Reading pre-processed data=/data/rec/criteo_artifact///kaggleAdDisplayChallenge_processed.npz
Sparse fea = 26, Dense fea = 13
Length of ids is:  100000
Defined test indices...
Randomized indices across days ...
Handling test data
Split data according to indices...
Created dataset
Loading saved model /data/rec/recpipe_artifact/r2_model_51_32.pth
Using CPU...
Reading pre-processed data=/data/rec/criteo_artifact///kaggleAdDisplayChallenge_processed.npz
Sparse fea = 26, Dense fea = 13
Length of ids is:  100000
Defined test indices...
Randomized indices across days ...
Handling test data
Split data according to indices...
Created dataset
Loading saved model /data/rec/recpipe_artifact/r2_model_51_32.pth
Using CPU...
Reading pre-processed data=/data/rec/criteo_artifact///kaggleAdDisplayChallenge_processed.npz
Sparse fea = 26, Dense fea = 13
Length of ids is:  100000
Defined test indices...
Randomized indices across days ...
Handling test data
Split data according to indices...
Created dataset
Loading saved model /data/rec/recpipe_artifact/r2_model_51_32.pth
****Total experiment time (s):  6.61382102966
('****Average Arrival Rate: ', 1)
('****Total queries: ', 2000)
('****Inference time: ', 0.07054870212078095, 0.11050299406051635)
('****Total time: ', 0.19956477224826813, 0.5585636258125304)
('****Preprocess time: ', 0.007598376035690308, 0.015188384056091306)
('****Data time: ', 0.004850751161575318, 0.0008544087409973123)
('****Fetch time: ', 5.0242543220520017e-05, 6.198883056640625e-05)
('****Sort time: ', 0.0017319400310516358, 0.0028917908668518065)
****Stage 0 average time 0.0847800118923
('****model config: ', u'configs/model_configs/dim_32_0.json')
('****batch_size: ', [4096])
****DCGs @ 4: 0.996911800729
****DCGs @ 8: 0.992673925879
****DCGs @ 16: 0.975360745143
****DCGs @ 32: 0.948266657163
****DCGs @ 64: 0.924686352715
****Error : 0.182043457031
****GPU Flags [False]
===================================================
Using CPU...
Reading pre-processed data=/data/rec/criteo_artifact///kaggleAdDisplayChallenge_processed.npz
Sparse fea = 26, Dense fea = 13
Length of ids is:  100000
Defined test indices...
Randomized indices across days ...
Handling test data
Split data according to indices...
Created dataset
Launched inference engine 0/0
Launched inference engine 0/1
Launched inference engine 0/2
Launched inference engine 0/3
Launched inference engine 0/4
Launched inference engine 0/5
Launched inference engine 0/6
Launched inference engine 0/7
Launched inference engine 0/8
Launched inference engine 0/9
Launched inference engine 0/10
Launched inference engine 0/11
Launched inference engine 0/12
Launched inference engine 0/13
Launched inference engine 0/14
Launched inference engine 0/15
Launched inference engine 0/16
Launched inference engine 0/17
Launched inference engine 0/18
Launched inference engine 0/19
Launched inference engine 0/20
Launched inference engine 0/21
Launched inference engine 0/22
Launched inference engine 0/23
Launched inference engine 0/24
Launched inference engine 0/25
Launched inference engine 0/26
Launched inference engine 0/27
Launched inference engine 0/28
Launched inference engine 0/29
Launched inference engine 0/30
Launched inference engine 0/31
===================================================
****Epoch  0
Using CPU...
Reading pre-processed data=/data/rec/criteo_artifact///kaggleAdDisplayChallenge_processed.npz
Sparse fea = 26, Dense fea = 13
Length of ids is:  100000
Defined test indices...
Randomized indices across days ...
Handling test data
Split data according to indices...
Created dataset
Loading saved model /data/rec/recpipe_artifact/r2_model_51_32.pth
Using CPU...
Reading pre-processed data=/data/rec/criteo_artifact///kaggleAdDisplayChallenge_processed.npz
Sparse fea = 26, Dense fea = 13
Length of ids is:  100000
Defined test indices...
Randomized indices across days ...
Handling test data
Split data according to indices...
Created dataset
Loading saved model /data/rec/recpipe_artifact/r2_model_51_32.pth
Using CPU...
Reading pre-processed data=/data/rec/criteo_artifact///kaggleAdDisplayChallenge_processed.npz
Sparse fea = 26, Dense fea = 13
Length of ids is:  100000
Defined test indices...
Randomized indices across days ...
Handling test data
Split data according to indices...
Created dataset
Loading saved model /data/rec/recpipe_artifact/r2_model_51_32.pth
Using CPU...
Reading pre-processed data=/data/rec/criteo_artifact///kaggleAdDisplayChallenge_processed.npz
Sparse fea = 26, Dense fea = 13
Length of ids is:  100000
Defined test indices...
Randomized indices across days ...
Handling test data
Split data according to indices...
Created dataset
Loading saved model /data/rec/recpipe_artifact/r2_model_51_32.pth
Using CPU...
Reading pre-processed data=/data/rec/criteo_artifact///kaggleAdDisplayChallenge_processed.npz
Sparse fea = 26, Dense fea = 13
Length of ids is:  100000
Defined test indices...
Randomized indices across days ...
Handling test data
Split data according to indices...
Created dataset
Loading saved model /data/rec/recpipe_artifact/r2_model_51_32.pth
Using CPU...
Reading pre-processed data=/data/rec/criteo_artifact///kaggleAdDisplayChallenge_processed.npz
Sparse fea = 26, Dense fea = 13
Length of ids is:  100000
Defined test indices...
Randomized indices across days ...
Handling test data
Split data according to indices...
Created dataset
Loading saved model /data/rec/recpipe_artifact/r2_model_51_32.pth
Using CPU...
Reading pre-processed data=/data/rec/criteo_artifact///kaggleAdDisplayChallenge_processed.npz
Sparse fea = 26, Dense fea = 13
Length of ids is:  100000
Defined test indices...
Randomized indices across days ...
Handling test data
Split data according to indices...
Created dataset
Loading saved model /data/rec/recpipe_artifact/r2_model_51_32.pth
Using CPU...
Reading pre-processed data=/data/rec/criteo_artifact///kaggleAdDisplayChallenge_processed.npz
Sparse fea = 26, Dense fea = 13
Length of ids is:  100000
Defined test indices...
Randomized indices across days ...
Handling test data
Split data according to indices...
Created dataset
Loading saved model /data/rec/recpipe_artifact/r2_model_51_32.pth
Using CPU...
Reading pre-processed data=/data/rec/criteo_artifact///kaggleAdDisplayChallenge_processed.npz
Sparse fea = 26, Dense fea = 13
Length of ids is:  100000
Defined test indices...
Randomized indices across days ...
Handling test data
Split data according to indices...
Created dataset
Loading saved model /data/rec/recpipe_artifact/r2_model_51_32.pth
Using CPU...
Reading pre-processed data=/data/rec/criteo_artifact///kaggleAdDisplayChallenge_processed.npz
Sparse fea = 26, Dense fea = 13
Length of ids is:  100000
Defined test indices...
Randomized indices across days ...
Handling test data
Split data according to indices...
Created dataset
Loading saved model /data/rec/recpipe_artifact/r2_model_51_32.pth
Using CPU...
Reading pre-processed data=/data/rec/criteo_artifact///kaggleAdDisplayChallenge_processed.npz
Sparse fea = 26, Dense fea = 13
Length of ids is:  100000
Defined test indices...
Randomized indices across days ...
Handling test data
Split data according to indices...
Created dataset
Loading saved model /data/rec/recpipe_artifact/r2_model_51_32.pth
Using CPU...
Reading pre-processed data=/data/rec/criteo_artifact///kaggleAdDisplayChallenge_processed.npz
Sparse fea = 26, Dense fea = 13
Length of ids is:  100000
Defined test indices...
Randomized indices across days ...
Handling test data
Split data according to indices...
Created dataset
Loading saved model /data/rec/recpipe_artifact/r2_model_51_32.pth
Using CPU...
Reading pre-processed data=/data/rec/criteo_artifact///kaggleAdDisplayChallenge_processed.npz
Sparse fea = 26, Dense fea = 13
Length of ids is:  100000
Defined test indices...
Randomized indices across days ...
Handling test data
Split data according to indices...
Created dataset
Loading saved model /data/rec/recpipe_artifact/r2_model_51_32.pth
Using CPU...
Reading pre-processed data=/data/rec/criteo_artifact///kaggleAdDisplayChallenge_processed.npz
Sparse fea = 26, Dense fea = 13
Length of ids is:  100000
Defined test indices...
Randomized indices across days ...
Handling test data
Split data according to indices...
Created dataset
Loading saved model /data/rec/recpipe_artifact/r2_model_51_32.pth
Using CPU...
Reading pre-processed data=/data/rec/criteo_artifact///kaggleAdDisplayChallenge_processed.npz
Sparse fea = 26, Dense fea = 13
Length of ids is:  100000
Defined test indices...
Randomized indices across days ...
Handling test data
Split data according to indices...
Created dataset
Loading saved model /data/rec/recpipe_artifact/r2_model_51_32.pth
Using CPU...
Reading pre-processed data=/data/rec/criteo_artifact///kaggleAdDisplayChallenge_processed.npz
Sparse fea = 26, Dense fea = 13
Length of ids is:  100000
Defined test indices...
Randomized indices across days ...
Handling test data
Split data according to indices...
Created dataset
Loading saved model /data/rec/recpipe_artifact/r2_model_51_32.pth
Using CPU...
Reading pre-processed data=/data/rec/criteo_artifact///kaggleAdDisplayChallenge_processed.npz
Sparse fea = 26, Dense fea = 13
Length of ids is:  100000
Defined test indices...
Randomized indices across days ...
Handling test data
Split data according to indices...
Created dataset
Loading saved model /data/rec/recpipe_artifact/r2_model_51_32.pth
Using CPU...
Reading pre-processed data=/data/rec/criteo_artifact///kaggleAdDisplayChallenge_processed.npz
Sparse fea = 26, Dense fea = 13
Length of ids is:  100000
Defined test indices...
Randomized indices across days ...
Handling test data
Split data according to indices...
Created dataset
Loading saved model /data/rec/recpipe_artifact/r2_model_51_32.pth
Using CPU...
Reading pre-processed data=/data/rec/criteo_artifact///kaggleAdDisplayChallenge_processed.npz
Sparse fea = 26, Dense fea = 13
Length of ids is:  100000
Defined test indices...
Randomized indices across days ...
Handling test data
Split data according to indices...
Created dataset
Loading saved model /data/rec/recpipe_artifact/r2_model_51_32.pth
Using CPU...
Reading pre-processed data=/data/rec/criteo_artifact///kaggleAdDisplayChallenge_processed.npz
Sparse fea = 26, Dense fea = 13
Length of ids is:  100000
Defined test indices...
Randomized indices across days ...
Handling test data
Split data according to indices...
Created dataset
Loading saved model /data/rec/recpipe_artifact/r2_model_51_32.pth
Using CPU...
Reading pre-processed data=/data/rec/criteo_artifact///kaggleAdDisplayChallenge_processed.npz
Sparse fea = 26, Dense fea = 13
Length of ids is:  100000
Defined test indices...
Randomized indices across days ...
Handling test data
Split data according to indices...
Created dataset
Loading saved model /data/rec/recpipe_artifact/r2_model_51_32.pth
Using CPU...
Reading pre-processed data=/data/rec/criteo_artifact///kaggleAdDisplayChallenge_processed.npz
Sparse fea = 26, Dense fea = 13
Length of ids is:  100000
Defined test indices...
Randomized indices across days ...
Handling test data
Split data according to indices...
Created dataset
Loading saved model /data/rec/recpipe_artifact/r2_model_51_32.pth
Using CPU...
Reading pre-processed data=/data/rec/criteo_artifact///kaggleAdDisplayChallenge_processed.npz
Sparse fea = 26, Dense fea = 13
Length of ids is:  100000
Defined test indices...
Randomized indices across days ...
Handling test data
Split data according to indices...
Created dataset
Loading saved model /data/rec/recpipe_artifact/r2_model_51_32.pth
Using CPU...
Reading pre-processed data=/data/rec/criteo_artifact///kaggleAdDisplayChallenge_processed.npz
Sparse fea = 26, Dense fea = 13
Length of ids is:  100000
Defined test indices...
Randomized indices across days ...
Handling test data
Split data according to indices...
Created dataset
Loading saved model /data/rec/recpipe_artifact/r2_model_51_32.pth
Using CPU...
Reading pre-processed data=/data/rec/criteo_artifact///kaggleAdDisplayChallenge_processed.npz
Sparse fea = 26, Dense fea = 13
Length of ids is:  100000
Defined test indices...
Randomized indices across days ...
Handling test data
Split data according to indices...
Created dataset
Loading saved model /data/rec/recpipe_artifact/r2_model_51_32.pth
Using CPU...
Reading pre-processed data=/data/rec/criteo_artifact///kaggleAdDisplayChallenge_processed.npz
Sparse fea = 26, Dense fea = 13
Length of ids is:  100000
Defined test indices...
Randomized indices across days ...
Handling test data
Split data according to indices...
Created dataset
Loading saved model /data/rec/recpipe_artifact/r2_model_51_32.pth
Using CPU...
Reading pre-processed data=/data/rec/criteo_artifact///kaggleAdDisplayChallenge_processed.npz
Sparse fea = 26, Dense fea = 13
Length of ids is:  100000
Defined test indices...
Randomized indices across days ...
Handling test data
Split data according to indices...
Created dataset
Loading saved model /data/rec/recpipe_artifact/r2_model_51_32.pth
Using CPU...
Reading pre-processed data=/data/rec/criteo_artifact///kaggleAdDisplayChallenge_processed.npz
Sparse fea = 26, Dense fea = 13
Length of ids is:  100000
Defined test indices...
Randomized indices across days ...
Handling test data
Split data according to indices...
Created dataset
Loading saved model /data/rec/recpipe_artifact/r2_model_51_32.pth
Using CPU...
Reading pre-processed data=/data/rec/criteo_artifact///kaggleAdDisplayChallenge_processed.npz
Sparse fea = 26, Dense fea = 13
Length of ids is:  100000
Defined test indices...
Randomized indices across days ...
Handling test data
Split data according to indices...
Created dataset
Loading saved model /data/rec/recpipe_artifact/r2_model_51_32.pth
Using CPU...
Reading pre-processed data=/data/rec/criteo_artifact///kaggleAdDisplayChallenge_processed.npz
Sparse fea = 26, Dense fea = 13
Length of ids is:  100000
Defined test indices...
Randomized indices across days ...
Handling test data
Split data according to indices...
Created dataset
Loading saved model /data/rec/recpipe_artifact/r2_model_51_32.pth
Using CPU...
Reading pre-processed data=/data/rec/criteo_artifact///kaggleAdDisplayChallenge_processed.npz
Sparse fea = 26, Dense fea = 13
Length of ids is:  100000
Defined test indices...
Randomized indices across days ...
Handling test data
Split data according to indices...
Created dataset
Loading saved model /data/rec/recpipe_artifact/r2_model_51_32.pth
Using CPU...
Reading pre-processed data=/data/rec/criteo_artifact///kaggleAdDisplayChallenge_processed.npz
Sparse fea = 26, Dense fea = 13
Length of ids is:  100000
Defined test indices...
Randomized indices across days ...
Handling test data
Split data according to indices...
Created dataset
Loading saved model /data/rec/recpipe_artifact/r2_model_51_32.pth
****Total experiment time (s):  9.34599995613
('****Average Arrival Rate: ', 1)
('****Total queries: ', 2000)
('****Inference time: ', 0.12320032715797424, 0.17128810882568357)
('****Total time: ', 0.7584219436645507, 1.352386426925659)
('****Preprocess time: ', 0.009668525457382202, 0.018210482597351068)
('****Data time: ', 0.0034265371561050416, 0.0010290622711181638)
('****Fetch time: ', 5.589377880096435e-05, 6.389617919921875e-05)
('****Sort time: ', 0.0029845249652862547, 0.004356193542480468)
****Stage 0 average time 0.139335808516
('****model config: ', u'configs/model_configs/dim_32_0.json')
('****batch_size: ', [6140])
****DCGs @ 4: 0.999747808696
****DCGs @ 8: 0.996684998237
****DCGs @ 16: 0.989723248037
****DCGs @ 32: 0.966720764649
****DCGs @ 64: 0.939595894397
****Error : 0.182044381107
****GPU Flags [False]
===================================================
Using CPU...
Reading pre-processed data=/data/rec/criteo_artifact///kaggleAdDisplayChallenge_processed.npz
Sparse fea = 26, Dense fea = 13
Length of ids is:  100000
Defined test indices...
Randomized indices across days ...
Handling test data
Split data according to indices...
Created dataset
Launched inference engine 0/0
Launched inference engine 0/1
Launched inference engine 0/2
Launched inference engine 0/3
Launched inference engine 0/4
Launched inference engine 0/5
Launched inference engine 0/6
Launched inference engine 0/7
Launched inference engine 0/8
Launched inference engine 0/9
Launched inference engine 0/10
Launched inference engine 0/11
Launched inference engine 0/12
Launched inference engine 0/13
Launched inference engine 0/14
Launched inference engine 0/15
Launched inference engine 0/16
Launched inference engine 0/17
Launched inference engine 0/18
Launched inference engine 0/19
Launched inference engine 0/20
Launched inference engine 0/21
Launched inference engine 0/22
Launched inference engine 0/23
Launched inference engine 0/24
Launched inference engine 0/25
Launched inference engine 0/26
Launched inference engine 0/27
Launched inference engine 0/28
Launched inference engine 0/29
Launched inference engine 0/30
Launched inference engine 0/31
===================================================
****Epoch  0
Using CPU...
Reading pre-processed data=/data/rec/criteo_artifact///kaggleAdDisplayChallenge_processed.npz
Sparse fea = 26, Dense fea = 13
Length of ids is:  100000
Defined test indices...
Randomized indices across days ...
Handling test data
Split data according to indices...
Created dataset
Loading saved model /data/rec/recpipe_artifact/r2_model_51_32.pth
Using CPU...
Reading pre-processed data=/data/rec/criteo_artifact///kaggleAdDisplayChallenge_processed.npz
Sparse fea = 26, Dense fea = 13
Length of ids is:  100000
Defined test indices...
Randomized indices across days ...
Handling test data
Split data according to indices...
Created dataset
Loading saved model /data/rec/recpipe_artifact/r2_model_51_32.pth
Using CPU...
Reading pre-processed data=/data/rec/criteo_artifact///kaggleAdDisplayChallenge_processed.npz
Sparse fea = 26, Dense fea = 13
Length of ids is:  100000
Defined test indices...
Randomized indices across days ...
Handling test data
Split data according to indices...
Created dataset
Loading saved model /data/rec/recpipe_artifact/r2_model_51_32.pth
Using CPU...
Reading pre-processed data=/data/rec/criteo_artifact///kaggleAdDisplayChallenge_processed.npz
Sparse fea = 26, Dense fea = 13
Length of ids is:  100000
Defined test indices...
Randomized indices across days ...
Handling test data
Split data according to indices...
Created dataset
Loading saved model /data/rec/recpipe_artifact/r2_model_51_32.pth
Using CPU...
Reading pre-processed data=/data/rec/criteo_artifact///kaggleAdDisplayChallenge_processed.npz
Sparse fea = 26, Dense fea = 13
Length of ids is:  100000
Defined test indices...
Randomized indices across days ...
Handling test data
Split data according to indices...
Created dataset
Loading saved model /data/rec/recpipe_artifact/r2_model_51_32.pth
Using CPU...
Reading pre-processed data=/data/rec/criteo_artifact///kaggleAdDisplayChallenge_processed.npz
Sparse fea = 26, Dense fea = 13
Length of ids is:  100000
Defined test indices...
Randomized indices across days ...
Handling test data
Split data according to indices...
Created dataset
Loading saved model /data/rec/recpipe_artifact/r2_model_51_32.pth
Using CPU...
Reading pre-processed data=/data/rec/criteo_artifact///kaggleAdDisplayChallenge_processed.npz
Sparse fea = 26, Dense fea = 13
Length of ids is:  100000
Defined test indices...
Randomized indices across days ...
Handling test data
Split data according to indices...
Created dataset
Loading saved model /data/rec/recpipe_artifact/r2_model_51_32.pth
Using CPU...
Reading pre-processed data=/data/rec/criteo_artifact///kaggleAdDisplayChallenge_processed.npz
Sparse fea = 26, Dense fea = 13
Length of ids is:  100000
Defined test indices...
Randomized indices across days ...
Handling test data
Split data according to indices...
Created dataset
Loading saved model /data/rec/recpipe_artifact/r2_model_51_32.pth
Using CPU...
Reading pre-processed data=/data/rec/criteo_artifact///kaggleAdDisplayChallenge_processed.npz
Sparse fea = 26, Dense fea = 13
Length of ids is:  100000
Defined test indices...
Randomized indices across days ...
Handling test data
Split data according to indices...
Created dataset
Loading saved model /data/rec/recpipe_artifact/r2_model_51_32.pth
Using CPU...
Reading pre-processed data=/data/rec/criteo_artifact///kaggleAdDisplayChallenge_processed.npz
Sparse fea = 26, Dense fea = 13
Length of ids is:  100000
Defined test indices...
Randomized indices across days ...
Handling test data
Split data according to indices...
Created dataset
Loading saved model /data/rec/recpipe_artifact/r2_model_51_32.pth
Using CPU...
Reading pre-processed data=/data/rec/criteo_artifact///kaggleAdDisplayChallenge_processed.npz
Sparse fea = 26, Dense fea = 13
Length of ids is:  100000
Defined test indices...
Randomized indices across days ...
Handling test data
Split data according to indices...
Created dataset
Loading saved model /data/rec/recpipe_artifact/r2_model_51_32.pth
Using CPU...
Reading pre-processed data=/data/rec/criteo_artifact///kaggleAdDisplayChallenge_processed.npz
Sparse fea = 26, Dense fea = 13
Length of ids is:  100000
Defined test indices...
Randomized indices across days ...
Handling test data
Split data according to indices...
Created dataset
Loading saved model /data/rec/recpipe_artifact/r2_model_51_32.pth
Using CPU...
Reading pre-processed data=/data/rec/criteo_artifact///kaggleAdDisplayChallenge_processed.npz
Sparse fea = 26, Dense fea = 13
Length of ids is:  100000
Defined test indices...
Randomized indices across days ...
Handling test data
Split data according to indices...
Created dataset
Loading saved model /data/rec/recpipe_artifact/r2_model_51_32.pth
Using CPU...
Reading pre-processed data=/data/rec/criteo_artifact///kaggleAdDisplayChallenge_processed.npz
Sparse fea = 26, Dense fea = 13
Length of ids is:  100000
Defined test indices...
Randomized indices across days ...
Handling test data
Split data according to indices...
Created dataset
Loading saved model /data/rec/recpipe_artifact/r2_model_51_32.pth
Using CPU...
Reading pre-processed data=/data/rec/criteo_artifact///kaggleAdDisplayChallenge_processed.npz
Sparse fea = 26, Dense fea = 13
Length of ids is:  100000
Defined test indices...
Randomized indices across days ...
Handling test data
Split data according to indices...
Created dataset
Loading saved model /data/rec/recpipe_artifact/r2_model_51_32.pth
Using CPU...
Reading pre-processed data=/data/rec/criteo_artifact///kaggleAdDisplayChallenge_processed.npz
Sparse fea = 26, Dense fea = 13
Length of ids is:  100000
Defined test indices...
Randomized indices across days ...
Handling test data
Split data according to indices...
Created dataset
Loading saved model /data/rec/recpipe_artifact/r2_model_51_32.pth
Using CPU...
Reading pre-processed data=/data/rec/criteo_artifact///kaggleAdDisplayChallenge_processed.npz
Sparse fea = 26, Dense fea = 13
Length of ids is:  100000
Defined test indices...
Randomized indices across days ...
Handling test data
Split data according to indices...
Created dataset
Loading saved model /data/rec/recpipe_artifact/r2_model_51_32.pth
Using CPU...
Reading pre-processed data=/data/rec/criteo_artifact///kaggleAdDisplayChallenge_processed.npz
Sparse fea = 26, Dense fea = 13
Length of ids is:  100000
Defined test indices...
Randomized indices across days ...
Handling test data
Split data according to indices...
Created dataset
Loading saved model /data/rec/recpipe_artifact/r2_model_51_32.pth
Using CPU...
Reading pre-processed data=/data/rec/criteo_artifact///kaggleAdDisplayChallenge_processed.npz
Sparse fea = 26, Dense fea = 13
Length of ids is:  100000
Defined test indices...
Randomized indices across days ...
Handling test data
Split data according to indices...
Created dataset
Loading saved model /data/rec/recpipe_artifact/r2_model_51_32.pth
Using CPU...
Reading pre-processed data=/data/rec/criteo_artifact///kaggleAdDisplayChallenge_processed.npz
Sparse fea = 26, Dense fea = 13
Length of ids is:  100000
Defined test indices...
Randomized indices across days ...
Handling test data
Split data according to indices...
Created dataset
Loading saved model /data/rec/recpipe_artifact/r2_model_51_32.pth
Using CPU...
Reading pre-processed data=/data/rec/criteo_artifact///kaggleAdDisplayChallenge_processed.npz
Sparse fea = 26, Dense fea = 13
Length of ids is:  100000
Defined test indices...
Randomized indices across days ...
Handling test data
Split data according to indices...
Created dataset
Loading saved model /data/rec/recpipe_artifact/r2_model_51_32.pth
Using CPU...
Reading pre-processed data=/data/rec/criteo_artifact///kaggleAdDisplayChallenge_processed.npz
Sparse fea = 26, Dense fea = 13
Length of ids is:  100000
Defined test indices...
Randomized indices across days ...
Handling test data
Split data according to indices...
Created dataset
Loading saved model /data/rec/recpipe_artifact/r2_model_51_32.pth
Using CPU...
Reading pre-processed data=/data/rec/criteo_artifact///kaggleAdDisplayChallenge_processed.npz
Sparse fea = 26, Dense fea = 13
Length of ids is:  100000
Defined test indices...
Randomized indices across days ...
Handling test data
Split data according to indices...
Created dataset
Loading saved model /data/rec/recpipe_artifact/r2_model_51_32.pth
Using CPU...
Reading pre-processed data=/data/rec/criteo_artifact///kaggleAdDisplayChallenge_processed.npz
Sparse fea = 26, Dense fea = 13
Length of ids is:  100000
Defined test indices...
Randomized indices across days ...
Handling test data
Split data according to indices...
Created dataset
Loading saved model /data/rec/recpipe_artifact/r2_model_51_32.pth
Using CPU...
Reading pre-processed data=/data/rec/criteo_artifact///kaggleAdDisplayChallenge_processed.npz
Sparse fea = 26, Dense fea = 13
Length of ids is:  100000
Defined test indices...
Randomized indices across days ...
Handling test data
Split data according to indices...
Created dataset
Loading saved model /data/rec/recpipe_artifact/r2_model_51_32.pth
Using CPU...
Reading pre-processed data=/data/rec/criteo_artifact///kaggleAdDisplayChallenge_processed.npz
Sparse fea = 26, Dense fea = 13
Length of ids is:  100000
Defined test indices...
Randomized indices across days ...
Handling test data
Split data according to indices...
Created dataset
Loading saved model /data/rec/recpipe_artifact/r2_model_51_32.pth
Using CPU...
Reading pre-processed data=/data/rec/criteo_artifact///kaggleAdDisplayChallenge_processed.npz
Sparse fea = 26, Dense fea = 13
Length of ids is:  100000
Defined test indices...
Randomized indices across days ...
Handling test data
Split data according to indices...
Created dataset
Loading saved model /data/rec/recpipe_artifact/r2_model_51_32.pth
Using CPU...
Reading pre-processed data=/data/rec/criteo_artifact///kaggleAdDisplayChallenge_processed.npz
Sparse fea = 26, Dense fea = 13
Length of ids is:  100000
Defined test indices...
Randomized indices across days ...
Handling test data
Split data according to indices...
Created dataset
Loading saved model /data/rec/recpipe_artifact/r2_model_51_32.pth
Using CPU...
Reading pre-processed data=/data/rec/criteo_artifact///kaggleAdDisplayChallenge_processed.npz
Sparse fea = 26, Dense fea = 13
Length of ids is:  100000
Defined test indices...
Randomized indices across days ...
Handling test data
Split data according to indices...
Created dataset
Loading saved model /data/rec/recpipe_artifact/r2_model_51_32.pth
Using CPU...
Reading pre-processed data=/data/rec/criteo_artifact///kaggleAdDisplayChallenge_processed.npz
Sparse fea = 26, Dense fea = 13
Length of ids is:  100000
Defined test indices...
Randomized indices across days ...
Handling test data
Split data according to indices...
Created dataset
Loading saved model /data/rec/recpipe_artifact/r2_model_51_32.pth
Using CPU...
Reading pre-processed data=/data/rec/criteo_artifact///kaggleAdDisplayChallenge_processed.npz
Sparse fea = 26, Dense fea = 13
Length of ids is:  100000
Defined test indices...
Randomized indices across days ...
Handling test data
Split data according to indices...
Created dataset
Loading saved model /data/rec/recpipe_artifact/r2_model_51_32.pth
Using CPU...
Reading pre-processed data=/data/rec/criteo_artifact///kaggleAdDisplayChallenge_processed.npz
Sparse fea = 26, Dense fea = 13
Length of ids is:  100000
Defined test indices...
Randomized indices across days ...
Handling test data
Split data according to indices...
Created dataset
Loading saved model /data/rec/recpipe_artifact/r2_model_51_32.pth
****Total experiment time (s):  12.5863058567
('****Average Arrival Rate: ', 1)
('****Total queries: ', 2000)
('****Inference time: ', 0.17081597471237184, 0.24376825094223012)
('****Total time: ', 0.47777053356170657, 0.7909693360328673)
('****Preprocess time: ', 0.01446106767654419, 0.02983599901199333)
('****Data time: ', 0.0024253900051116944, 0.0014241456985473616)
('****Fetch time: ', 6.566405296325684e-05, 7.487535476684564e-05)
('****Sort time: ', 0.003683748245239258, 0.0057580947875976556)
****Stage 0 average time 0.191451844692
('****model config: ', u'configs/model_configs/dim_32_0.json')
('****batch_size: ', [8192])
****DCGs @ 4: 1.0
****DCGs @ 8: 0.999436918534
****DCGs @ 16: 0.993167330507
****DCGs @ 32: 0.978124112499
****DCGs @ 64: 0.94919471761
****Error : 0.182045410156
****GPU Flags [False]
===================================================
Using CPU...
Reading pre-processed data=/data/rec/criteo_artifact///kaggleAdDisplayChallenge_processed.npz
Sparse fea = 26, Dense fea = 13
Length of ids is:  100000
Defined test indices...
Randomized indices across days ...
Handling test data
Split data according to indices...
Created dataset
Launched inference engine 0/0
Launched inference engine 0/1
Launched inference engine 0/2
Launched inference engine 0/3
Launched inference engine 0/4
Launched inference engine 0/5
Launched inference engine 0/6
Launched inference engine 0/7
Launched inference engine 0/8
Launched inference engine 0/9
Launched inference engine 0/10
Launched inference engine 0/11
Launched inference engine 0/12
Launched inference engine 0/13
Launched inference engine 0/14
Launched inference engine 0/15
Launched inference engine 0/16
Launched inference engine 0/17
Launched inference engine 0/18
Launched inference engine 0/19
Launched inference engine 0/20
Launched inference engine 0/21
Launched inference engine 0/22
Launched inference engine 0/23
Launched inference engine 0/24
Launched inference engine 0/25
Launched inference engine 0/26
Launched inference engine 0/27
Launched inference engine 0/28
Launched inference engine 0/29
Launched inference engine 0/30
Launched inference engine 0/31
===================================================
****Epoch  0
Using CPU...
Reading pre-processed data=/data/rec/criteo_artifact///kaggleAdDisplayChallenge_processed.npz
Sparse fea = 26, Dense fea = 13
Length of ids is:  100000
Defined test indices...
Randomized indices across days ...
Handling test data
Split data according to indices...
Created dataset
Loading saved model /data/rec/recpipe_artifact/r2_model_51_32.pth
Using CPU...
Reading pre-processed data=/data/rec/criteo_artifact///kaggleAdDisplayChallenge_processed.npz
Sparse fea = 26, Dense fea = 13
Length of ids is:  100000
Defined test indices...
Randomized indices across days ...
Handling test data
Split data according to indices...
Created dataset
Loading saved model /data/rec/recpipe_artifact/r2_model_51_32.pth
Using CPU...
Reading pre-processed data=/data/rec/criteo_artifact///kaggleAdDisplayChallenge_processed.npz
Sparse fea = 26, Dense fea = 13
Length of ids is:  100000
Defined test indices...
Randomized indices across days ...
Handling test data
Split data according to indices...
Created dataset
Loading saved model /data/rec/recpipe_artifact/r2_model_51_32.pth
Using CPU...
Reading pre-processed data=/data/rec/criteo_artifact///kaggleAdDisplayChallenge_processed.npz
Sparse fea = 26, Dense fea = 13
Length of ids is:  100000
Defined test indices...
Randomized indices across days ...
Handling test data
Split data according to indices...
Created dataset
Loading saved model /data/rec/recpipe_artifact/r2_model_51_32.pth
Using CPU...
Reading pre-processed data=/data/rec/criteo_artifact///kaggleAdDisplayChallenge_processed.npz
Sparse fea = 26, Dense fea = 13
Length of ids is:  100000
Defined test indices...
Randomized indices across days ...
Handling test data
Split data according to indices...
Created dataset
Loading saved model /data/rec/recpipe_artifact/r2_model_51_32.pth
Using CPU...
Reading pre-processed data=/data/rec/criteo_artifact///kaggleAdDisplayChallenge_processed.npz
Sparse fea = 26, Dense fea = 13
Length of ids is:  100000
Defined test indices...
Randomized indices across days ...
Handling test data
Split data according to indices...
Created dataset
Loading saved model /data/rec/recpipe_artifact/r2_model_51_32.pth
Using CPU...
Reading pre-processed data=/data/rec/criteo_artifact///kaggleAdDisplayChallenge_processed.npz
Sparse fea = 26, Dense fea = 13
Length of ids is:  100000
Defined test indices...
Randomized indices across days ...
Handling test data
Split data according to indices...
Created dataset
Loading saved model /data/rec/recpipe_artifact/r2_model_51_32.pth
Using CPU...
Reading pre-processed data=/data/rec/criteo_artifact///kaggleAdDisplayChallenge_processed.npz
Sparse fea = 26, Dense fea = 13
Length of ids is:  100000
Defined test indices...
Randomized indices across days ...
Handling test data
Split data according to indices...
Created dataset
Loading saved model /data/rec/recpipe_artifact/r2_model_51_32.pth
Using CPU...
Reading pre-processed data=/data/rec/criteo_artifact///kaggleAdDisplayChallenge_processed.npz
Sparse fea = 26, Dense fea = 13
Length of ids is:  100000
Defined test indices...
Randomized indices across days ...
Handling test data
Split data according to indices...
Created dataset
Loading saved model /data/rec/recpipe_artifact/r2_model_51_32.pth
Using CPU...
Reading pre-processed data=/data/rec/criteo_artifact///kaggleAdDisplayChallenge_processed.npz
Sparse fea = 26, Dense fea = 13
Length of ids is:  100000
Defined test indices...
Randomized indices across days ...
Handling test data
Split data according to indices...
Created dataset
Loading saved model /data/rec/recpipe_artifact/r2_model_51_32.pth
Using CPU...
Reading pre-processed data=/data/rec/criteo_artifact///kaggleAdDisplayChallenge_processed.npz
Sparse fea = 26, Dense fea = 13
Length of ids is:  100000
Defined test indices...
Randomized indices across days ...
Handling test data
Split data according to indices...
Created dataset
Loading saved model /data/rec/recpipe_artifact/r2_model_51_32.pth
Using CPU...
Reading pre-processed data=/data/rec/criteo_artifact///kaggleAdDisplayChallenge_processed.npz
Sparse fea = 26, Dense fea = 13
Length of ids is:  100000
Defined test indices...
Randomized indices across days ...
Handling test data
Split data according to indices...
Created dataset
Loading saved model /data/rec/recpipe_artifact/r2_model_51_32.pth
Using CPU...
Reading pre-processed data=/data/rec/criteo_artifact///kaggleAdDisplayChallenge_processed.npz
Sparse fea = 26, Dense fea = 13
Length of ids is:  100000
Defined test indices...
Randomized indices across days ...
Handling test data
Split data according to indices...
Created dataset
Loading saved model /data/rec/recpipe_artifact/r2_model_51_32.pth
Using CPU...
Reading pre-processed data=/data/rec/criteo_artifact///kaggleAdDisplayChallenge_processed.npz
Sparse fea = 26, Dense fea = 13
Length of ids is:  100000
Defined test indices...
Randomized indices across days ...
Handling test data
Split data according to indices...
Created dataset
Loading saved model /data/rec/recpipe_artifact/r2_model_51_32.pth
Using CPU...
Reading pre-processed data=/data/rec/criteo_artifact///kaggleAdDisplayChallenge_processed.npz
Sparse fea = 26, Dense fea = 13
Length of ids is:  100000
Defined test indices...
Randomized indices across days ...
Handling test data
Split data according to indices...
Created dataset
Loading saved model /data/rec/recpipe_artifact/r2_model_51_32.pth
Using CPU...
Reading pre-processed data=/data/rec/criteo_artifact///kaggleAdDisplayChallenge_processed.npz
Sparse fea = 26, Dense fea = 13
Length of ids is:  100000
Defined test indices...
Randomized indices across days ...
Handling test data
Split data according to indices...
Created dataset
Loading saved model /data/rec/recpipe_artifact/r2_model_51_32.pth
Using CPU...
Reading pre-processed data=/data/rec/criteo_artifact///kaggleAdDisplayChallenge_processed.npz
Sparse fea = 26, Dense fea = 13
Length of ids is:  100000
Defined test indices...
Randomized indices across days ...
Handling test data
Split data according to indices...
Created dataset
Loading saved model /data/rec/recpipe_artifact/r2_model_51_32.pth
Using CPU...
Reading pre-processed data=/data/rec/criteo_artifact///kaggleAdDisplayChallenge_processed.npz
Sparse fea = 26, Dense fea = 13
Length of ids is:  100000
Defined test indices...
Randomized indices across days ...
Handling test data
Split data according to indices...
Created dataset
Loading saved model /data/rec/recpipe_artifact/r2_model_51_32.pth
Using CPU...
Reading pre-processed data=/data/rec/criteo_artifact///kaggleAdDisplayChallenge_processed.npz
Sparse fea = 26, Dense fea = 13
Length of ids is:  100000
Defined test indices...
Randomized indices across days ...
Handling test data
Split data according to indices...
Created dataset
Loading saved model /data/rec/recpipe_artifact/r2_model_51_32.pth
Using CPU...
Reading pre-processed data=/data/rec/criteo_artifact///kaggleAdDisplayChallenge_processed.npz
Sparse fea = 26, Dense fea = 13
Length of ids is:  100000
Defined test indices...
Randomized indices across days ...
Handling test data
Split data according to indices...
Created dataset
Loading saved model /data/rec/recpipe_artifact/r2_model_51_32.pth
Using CPU...
Reading pre-processed data=/data/rec/criteo_artifact///kaggleAdDisplayChallenge_processed.npz
Sparse fea = 26, Dense fea = 13
Length of ids is:  100000
Defined test indices...
Randomized indices across days ...
Handling test data
Split data according to indices...
Created dataset
Loading saved model /data/rec/recpipe_artifact/r2_model_51_32.pth
Using CPU...
Reading pre-processed data=/data/rec/criteo_artifact///kaggleAdDisplayChallenge_processed.npz
Sparse fea = 26, Dense fea = 13
Length of ids is:  100000
Defined test indices...
Randomized indices across days ...
Handling test data
Split data according to indices...
Created dataset
Loading saved model /data/rec/recpipe_artifact/r2_model_51_32.pth
Using CPU...
Reading pre-processed data=/data/rec/criteo_artifact///kaggleAdDisplayChallenge_processed.npz
Sparse fea = 26, Dense fea = 13
Length of ids is:  100000
Defined test indices...
Randomized indices across days ...
Handling test data
Split data according to indices...
Created dataset
Loading saved model /data/rec/recpipe_artifact/r2_model_51_32.pth
Using CPU...
Reading pre-processed data=/data/rec/criteo_artifact///kaggleAdDisplayChallenge_processed.npz
Sparse fea = 26, Dense fea = 13
Length of ids is:  100000
Defined test indices...
Randomized indices across days ...
Handling test data
Split data according to indices...
Created dataset
Loading saved model /data/rec/recpipe_artifact/r2_model_51_32.pth
Using CPU...
Reading pre-processed data=/data/rec/criteo_artifact///kaggleAdDisplayChallenge_processed.npz
Sparse fea = 26, Dense fea = 13
Length of ids is:  100000
Defined test indices...
Randomized indices across days ...
Handling test data
Split data according to indices...
Created dataset
Loading saved model /data/rec/recpipe_artifact/r2_model_51_32.pth
Using CPU...
Reading pre-processed data=/data/rec/criteo_artifact///kaggleAdDisplayChallenge_processed.npz
Sparse fea = 26, Dense fea = 13
Length of ids is:  100000
Defined test indices...
Randomized indices across days ...
Handling test data
Split data according to indices...
Created dataset
Loading saved model /data/rec/recpipe_artifact/r2_model_51_32.pth
Using CPU...
Reading pre-processed data=/data/rec/criteo_artifact///kaggleAdDisplayChallenge_processed.npz
Sparse fea = 26, Dense fea = 13
Length of ids is:  100000
Defined test indices...
Randomized indices across days ...
Handling test data
Split data according to indices...
Created dataset
Loading saved model /data/rec/recpipe_artifact/r2_model_51_32.pth
Using CPU...
Reading pre-processed data=/data/rec/criteo_artifact///kaggleAdDisplayChallenge_processed.npz
Sparse fea = 26, Dense fea = 13
Length of ids is:  100000
Defined test indices...
Randomized indices across days ...
Handling test data
Split data according to indices...
Created dataset
Loading saved model /data/rec/recpipe_artifact/r2_model_51_32.pth
Using CPU...
Reading pre-processed data=/data/rec/criteo_artifact///kaggleAdDisplayChallenge_processed.npz
Sparse fea = 26, Dense fea = 13
Length of ids is:  100000
Defined test indices...
Randomized indices across days ...
Handling test data
Split data according to indices...
Created dataset
Loading saved model /data/rec/recpipe_artifact/r2_model_51_32.pth
Using CPU...
Reading pre-processed data=/data/rec/criteo_artifact///kaggleAdDisplayChallenge_processed.npz
Sparse fea = 26, Dense fea = 13
Length of ids is:  100000
Defined test indices...
Randomized indices across days ...
Handling test data
Split data according to indices...
Created dataset
Loading saved model /data/rec/recpipe_artifact/r2_model_51_32.pth
Using CPU...
Reading pre-processed data=/data/rec/criteo_artifact///kaggleAdDisplayChallenge_processed.npz
Sparse fea = 26, Dense fea = 13
Length of ids is:  100000
Defined test indices...
Randomized indices across days ...
Handling test data
Split data according to indices...
Created dataset
Loading saved model /data/rec/recpipe_artifact/r2_model_51_32.pth
Using CPU...
Reading pre-processed data=/data/rec/criteo_artifact///kaggleAdDisplayChallenge_processed.npz
Sparse fea = 26, Dense fea = 13
Length of ids is:  100000
Defined test indices...
Randomized indices across days ...
Handling test data
Split data according to indices...
Created dataset
Loading saved model /data/rec/recpipe_artifact/r2_model_51_32.pth
****Total experiment time (s):  14.9420909882
('****Average Arrival Rate: ', 1)
('****Total queries: ', 2000)
('****Inference time: ', 0.2056651339530945, 0.29832303524017334)
('****Total time: ', 2.322949696660042, 3.5761122226715067)
('****Preprocess time: ', 0.019943640470504762, 0.04008322954177856)
('****Data time: ', 0.001114058256149292, 0.001567530632019041)
('****Fetch time: ', 6.297898292541504e-05, 7.205009460449193e-05)
('****Sort time: ', 0.005106589674949646, 0.007402896881103516)
****Stage 0 average time 0.231892401338
('****model config: ', u'configs/model_configs/dim_32_0.json')
('****batch_size: ', [10240])
****DCGs @ 4: 1.0
****DCGs @ 8: 1.0
****DCGs @ 16: 0.995733377335
****DCGs @ 32: 0.98726835498
****DCGs @ 64: 0.958160285135
****Error : 0.182046630859
****GPU Flags [False]
===================================================
Using CPU...
Reading pre-processed data=/data/rec/criteo_artifact///kaggleAdDisplayChallenge_processed.npz
Sparse fea = 26, Dense fea = 13
Length of ids is:  100000
Defined test indices...
Randomized indices across days ...
Handling test data
Split data according to indices...
Created dataset
Launched inference engine 0/0
Launched inference engine 0/1
Launched inference engine 0/2
Launched inference engine 0/3
Launched inference engine 0/4
Launched inference engine 0/5
Launched inference engine 0/6
Launched inference engine 0/7
Launched inference engine 0/8
Launched inference engine 0/9
Launched inference engine 0/10
Launched inference engine 0/11
Launched inference engine 0/12
Launched inference engine 0/13
Launched inference engine 0/14
Launched inference engine 0/15
Launched inference engine 0/16
Launched inference engine 0/17
Launched inference engine 0/18
Launched inference engine 0/19
Launched inference engine 0/20
Launched inference engine 0/21
Launched inference engine 0/22
Launched inference engine 0/23
Launched inference engine 0/24
Launched inference engine 0/25
Launched inference engine 0/26
Launched inference engine 0/27
Launched inference engine 0/28
Launched inference engine 0/29
Launched inference engine 0/30
Launched inference engine 0/31
===================================================
****Epoch  0
Using CPU...
Reading pre-processed data=/data/rec/criteo_artifact///kaggleAdDisplayChallenge_processed.npz
Sparse fea = 26, Dense fea = 13
Length of ids is:  100000
Defined test indices...
Randomized indices across days ...
Handling test data
Split data according to indices...
Created dataset
Loading saved model /data/rec/recpipe_artifact/r2_model_51_32.pth
Using CPU...
Reading pre-processed data=/data/rec/criteo_artifact///kaggleAdDisplayChallenge_processed.npz
Sparse fea = 26, Dense fea = 13
Length of ids is:  100000
Defined test indices...
Randomized indices across days ...
Handling test data
Split data according to indices...
Created dataset
Loading saved model /data/rec/recpipe_artifact/r2_model_51_32.pth
Using CPU...
Reading pre-processed data=/data/rec/criteo_artifact///kaggleAdDisplayChallenge_processed.npz
Sparse fea = 26, Dense fea = 13
Length of ids is:  100000
Defined test indices...
Randomized indices across days ...
Handling test data
Split data according to indices...
Created dataset
Loading saved model /data/rec/recpipe_artifact/r2_model_51_32.pth
Using CPU...
Reading pre-processed data=/data/rec/criteo_artifact///kaggleAdDisplayChallenge_processed.npz
Sparse fea = 26, Dense fea = 13
Length of ids is:  100000
Defined test indices...
Randomized indices across days ...
Handling test data
Split data according to indices...
Created dataset
Loading saved model /data/rec/recpipe_artifact/r2_model_51_32.pth
Using CPU...
Reading pre-processed data=/data/rec/criteo_artifact///kaggleAdDisplayChallenge_processed.npz
Sparse fea = 26, Dense fea = 13
Length of ids is:  100000
Defined test indices...
Randomized indices across days ...
Handling test data
Split data according to indices...
Created dataset
Loading saved model /data/rec/recpipe_artifact/r2_model_51_32.pth
Using CPU...
Reading pre-processed data=/data/rec/criteo_artifact///kaggleAdDisplayChallenge_processed.npz
Sparse fea = 26, Dense fea = 13
Length of ids is:  100000
Defined test indices...
Randomized indices across days ...
Handling test data
Split data according to indices...
Created dataset
Loading saved model /data/rec/recpipe_artifact/r2_model_51_32.pth
Using CPU...
Reading pre-processed data=/data/rec/criteo_artifact///kaggleAdDisplayChallenge_processed.npz
Sparse fea = 26, Dense fea = 13
Length of ids is:  100000
Defined test indices...
Randomized indices across days ...
Handling test data
Split data according to indices...
Created dataset
Loading saved model /data/rec/recpipe_artifact/r2_model_51_32.pth
Using CPU...
Reading pre-processed data=/data/rec/criteo_artifact///kaggleAdDisplayChallenge_processed.npz
Sparse fea = 26, Dense fea = 13
Length of ids is:  100000
Defined test indices...
Randomized indices across days ...
Handling test data
Split data according to indices...
Created dataset
Loading saved model /data/rec/recpipe_artifact/r2_model_51_32.pth
Using CPU...
Reading pre-processed data=/data/rec/criteo_artifact///kaggleAdDisplayChallenge_processed.npz
Sparse fea = 26, Dense fea = 13
Length of ids is:  100000
Defined test indices...
Randomized indices across days ...
Handling test data
Split data according to indices...
Created dataset
Loading saved model /data/rec/recpipe_artifact/r2_model_51_32.pth
Using CPU...
Reading pre-processed data=/data/rec/criteo_artifact///kaggleAdDisplayChallenge_processed.npz
Sparse fea = 26, Dense fea = 13
Length of ids is:  100000
Defined test indices...
Randomized indices across days ...
Handling test data
Split data according to indices...
Created dataset
Loading saved model /data/rec/recpipe_artifact/r2_model_51_32.pth
Using CPU...
Reading pre-processed data=/data/rec/criteo_artifact///kaggleAdDisplayChallenge_processed.npz
Sparse fea = 26, Dense fea = 13
Length of ids is:  100000
Defined test indices...
Randomized indices across days ...
Handling test data
Split data according to indices...
Created dataset
Loading saved model /data/rec/recpipe_artifact/r2_model_51_32.pth
Using CPU...
Reading pre-processed data=/data/rec/criteo_artifact///kaggleAdDisplayChallenge_processed.npz
Sparse fea = 26, Dense fea = 13
Length of ids is:  100000
Defined test indices...
Randomized indices across days ...
Handling test data
Split data according to indices...
Created dataset
Loading saved model /data/rec/recpipe_artifact/r2_model_51_32.pth
Using CPU...
Reading pre-processed data=/data/rec/criteo_artifact///kaggleAdDisplayChallenge_processed.npz
Sparse fea = 26, Dense fea = 13
Length of ids is:  100000
Defined test indices...
Randomized indices across days ...
Handling test data
Split data according to indices...
Created dataset
Loading saved model /data/rec/recpipe_artifact/r2_model_51_32.pth
Using CPU...
Reading pre-processed data=/data/rec/criteo_artifact///kaggleAdDisplayChallenge_processed.npz
Sparse fea = 26, Dense fea = 13
Length of ids is:  100000
Defined test indices...
Randomized indices across days ...
Handling test data
Split data according to indices...
Created dataset
Loading saved model /data/rec/recpipe_artifact/r2_model_51_32.pth
Using CPU...
Reading pre-processed data=/data/rec/criteo_artifact///kaggleAdDisplayChallenge_processed.npz
Sparse fea = 26, Dense fea = 13
Length of ids is:  100000
Defined test indices...
Randomized indices across days ...
Handling test data
Split data according to indices...
Created dataset
Loading saved model /data/rec/recpipe_artifact/r2_model_51_32.pth
Using CPU...
Reading pre-processed data=/data/rec/criteo_artifact///kaggleAdDisplayChallenge_processed.npz
Sparse fea = 26, Dense fea = 13
Length of ids is:  100000
Defined test indices...
Randomized indices across days ...
Handling test data
Split data according to indices...
Created dataset
Loading saved model /data/rec/recpipe_artifact/r2_model_51_32.pth
Using CPU...
Reading pre-processed data=/data/rec/criteo_artifact///kaggleAdDisplayChallenge_processed.npz
Sparse fea = 26, Dense fea = 13
Length of ids is:  100000
Defined test indices...
Randomized indices across days ...
Handling test data
Split data according to indices...
Created dataset
Loading saved model /data/rec/recpipe_artifact/r2_model_51_32.pth
Using CPU...
Reading pre-processed data=/data/rec/criteo_artifact///kaggleAdDisplayChallenge_processed.npz
Sparse fea = 26, Dense fea = 13
Length of ids is:  100000
Defined test indices...
Randomized indices across days ...
Handling test data
Split data according to indices...
Created dataset
Loading saved model /data/rec/recpipe_artifact/r2_model_51_32.pth
Using CPU...
Reading pre-processed data=/data/rec/criteo_artifact///kaggleAdDisplayChallenge_processed.npz
Sparse fea = 26, Dense fea = 13
Length of ids is:  100000
Defined test indices...
Randomized indices across days ...
Handling test data
Split data according to indices...
Created dataset
Loading saved model /data/rec/recpipe_artifact/r2_model_51_32.pth
Using CPU...
Reading pre-processed data=/data/rec/criteo_artifact///kaggleAdDisplayChallenge_processed.npz
Sparse fea = 26, Dense fea = 13
Length of ids is:  100000
Defined test indices...
Randomized indices across days ...
Handling test data
Split data according to indices...
Created dataset
Loading saved model /data/rec/recpipe_artifact/r2_model_51_32.pth
Using CPU...
Reading pre-processed data=/data/rec/criteo_artifact///kaggleAdDisplayChallenge_processed.npz
Sparse fea = 26, Dense fea = 13
Length of ids is:  100000
Defined test indices...
Randomized indices across days ...
Handling test data
Split data according to indices...
Created dataset
Loading saved model /data/rec/recpipe_artifact/r2_model_51_32.pth
Using CPU...
Reading pre-processed data=/data/rec/criteo_artifact///kaggleAdDisplayChallenge_processed.npz
Sparse fea = 26, Dense fea = 13
Length of ids is:  100000
Defined test indices...
Randomized indices across days ...
Handling test data
Split data according to indices...
Created dataset
Loading saved model /data/rec/recpipe_artifact/r2_model_51_32.pth
Using CPU...
Reading pre-processed data=/data/rec/criteo_artifact///kaggleAdDisplayChallenge_processed.npz
Sparse fea = 26, Dense fea = 13
Length of ids is:  100000
Defined test indices...
Randomized indices across days ...
Handling test data
Split data according to indices...
Created dataset
Loading saved model /data/rec/recpipe_artifact/r2_model_51_32.pth
Using CPU...
Reading pre-processed data=/data/rec/criteo_artifact///kaggleAdDisplayChallenge_processed.npz
Sparse fea = 26, Dense fea = 13
Length of ids is:  100000
Defined test indices...
Randomized indices across days ...
Handling test data
Split data according to indices...
Created dataset
Loading saved model /data/rec/recpipe_artifact/r2_model_51_32.pth
Using CPU...
Reading pre-processed data=/data/rec/criteo_artifact///kaggleAdDisplayChallenge_processed.npz
Sparse fea = 26, Dense fea = 13
Length of ids is:  100000
Defined test indices...
Randomized indices across days ...
Handling test data
Split data according to indices...
Created dataset
Loading saved model /data/rec/recpipe_artifact/r2_model_51_32.pth
Using CPU...
Reading pre-processed data=/data/rec/criteo_artifact///kaggleAdDisplayChallenge_processed.npz
Sparse fea = 26, Dense fea = 13
Length of ids is:  100000
Defined test indices...
Randomized indices across days ...
Handling test data
Split data according to indices...
Created dataset
Loading saved model /data/rec/recpipe_artifact/r2_model_51_32.pth
Using CPU...
Reading pre-processed data=/data/rec/criteo_artifact///kaggleAdDisplayChallenge_processed.npz
Sparse fea = 26, Dense fea = 13
Length of ids is:  100000
Defined test indices...
Randomized indices across days ...
Handling test data
Split data according to indices...
Created dataset
Loading saved model /data/rec/recpipe_artifact/r2_model_51_32.pth
Using CPU...
Reading pre-processed data=/data/rec/criteo_artifact///kaggleAdDisplayChallenge_processed.npz
Sparse fea = 26, Dense fea = 13
Length of ids is:  100000
Defined test indices...
Randomized indices across days ...
Handling test data
Split data according to indices...
Created dataset
Loading saved model /data/rec/recpipe_artifact/r2_model_51_32.pth
Using CPU...
Reading pre-processed data=/data/rec/criteo_artifact///kaggleAdDisplayChallenge_processed.npz
Sparse fea = 26, Dense fea = 13
Length of ids is:  100000
Defined test indices...
Randomized indices across days ...
Handling test data
Split data according to indices...
Created dataset
Loading saved model /data/rec/recpipe_artifact/r2_model_51_32.pth
Using CPU...
Reading pre-processed data=/data/rec/criteo_artifact///kaggleAdDisplayChallenge_processed.npz
Sparse fea = 26, Dense fea = 13
Length of ids is:  100000
Defined test indices...
Randomized indices across days ...
Handling test data
Split data according to indices...
Created dataset
Loading saved model /data/rec/recpipe_artifact/r2_model_51_32.pth
Using CPU...
Reading pre-processed data=/data/rec/criteo_artifact///kaggleAdDisplayChallenge_processed.npz
Sparse fea = 26, Dense fea = 13
Length of ids is:  100000
Defined test indices...
Randomized indices across days ...
Handling test data
Split data according to indices...
Created dataset
Loading saved model /data/rec/recpipe_artifact/r2_model_51_32.pth
Using CPU...
Reading pre-processed data=/data/rec/criteo_artifact///kaggleAdDisplayChallenge_processed.npz
Sparse fea = 26, Dense fea = 13
Length of ids is:  100000
Defined test indices...
Randomized indices across days ...
Handling test data
Split data according to indices...
Created dataset
Loading saved model /data/rec/recpipe_artifact/r2_model_51_32.pth
Wed Jul 28 04:35:37 UTC 2021
****Total experiment time (s):  17.2950029373
('****Average Arrival Rate: ', 1)
('****Total queries: ', 2000)
('****Inference time: ', 0.23847164356708528, 0.3317761898040769)
('****Total time: ', 1.6299296011924744, 2.594007444381713)
('****Preprocess time: ', 0.02520218288898468, 0.042901289463043196)
('****Data time: ', 0.0013190194368362426, 0.0018622040748596182)
('****Fetch time: ', 6.256628036499024e-05, 7.486343383789062e-05)
('****Sort time: ', 0.006286083936691284, 0.008853363990783689)
****Stage 0 average time 0.27134149611
('****model config: ', u'configs/model_configs/dim_32_0.json')
('****batch_size: ', [12288])
****DCGs @ 4: 1.0
****DCGs @ 8: 1.0
****DCGs @ 16: 0.998440904222
****DCGs @ 32: 0.992517861718
****DCGs @ 64: 0.965703961368
****Error : 0.182046427409
****GPU Flags [False]
===================================================
Wed Jul 28 04:35:38 UTC 2021
